[debug] [2020-11-22T20:01:19.117Z] ----------------------------------------------------------------------
[debug] [2020-11-22T20:01:19.120Z] Command:       /usr/bin/node /usr/bin/firebase emulators:start
[debug] [2020-11-22T20:01:19.121Z] CLI Version:   8.16.2
[debug] [2020-11-22T20:01:19.121Z] Platform:      linux
[debug] [2020-11-22T20:01:19.121Z] Node Version:  v14.6.0
[debug] [2020-11-22T20:01:19.122Z] Time:          Sun Nov 22 2020 17:01:19 GMT-0300 (Brasilia Standard Time)
[debug] [2020-11-22T20:01:19.122Z] ----------------------------------------------------------------------
[debug] [2020-11-22T20:01:19.122Z] 
[debug] [2020-11-22T20:01:19.130Z] > command requires scopes: ["email","openid","https://www.googleapis.com/auth/cloudplatformprojects.readonly","https://www.googleapis.com/auth/firebase","https://www.googleapis.com/auth/cloud-platform"]
[debug] [2020-11-22T20:01:19.131Z] > authorizing via signed-in user
[info] i  emulators: Starting emulators: functions {"metadata":{"emulator":{"name":"hub"},"message":"Starting emulators: functions"}}
[debug] [2020-11-22T20:01:19.193Z] [hub] writing locator at /tmp/hub-notifly-ade3f.json
[warn] ⚠  functions: The following emulators are not running, calls to these services from the Functions emulator will affect production: auth, firestore, database, hosting, pubsub {"metadata":{"emulator":{"name":"functions"},"message":"The following emulators are not running, calls to these services from the Functions emulator will affect production: \u001b[1mauth, firestore, database, hosting, pubsub\u001b[22m"}}
[warn] ⚠  Your requested "node" version "10" doesn't match your global version "14" {"metadata":{"emulator":{"name":"functions"},"message":"Your requested \"node\" version \"10\" doesn't match your global version \"14\""}}
[debug] [2020-11-22T20:01:19.307Z] defaultcredentials: writing to file /home/calixto/.config/firebase/wellingtoncaalixto_gmail_com_application_default_credentials.json
[debug] [2020-11-22T20:01:19.315Z] Setting GAC to /home/calixto/.config/firebase/wellingtoncaalixto_gmail_com_application_default_credentials.json {"metadata":{"emulator":{"name":"functions"},"message":"Setting GAC to /home/calixto/.config/firebase/wellingtoncaalixto_gmail_com_application_default_credentials.json"}}
[debug] [2020-11-22T20:01:19.355Z] Ignoring unsupported arg: auto_download {"metadata":{"emulator":{"name":"ui"},"message":"Ignoring unsupported arg: auto_download"}}
[debug] [2020-11-22T20:01:19.359Z] Ignoring unsupported arg: port {"metadata":{"emulator":{"name":"ui"},"message":"Ignoring unsupported arg: port"}}
[debug] [2020-11-22T20:01:19.360Z] Starting Emulator UI with command {"binary":"node","args":["/home/calixto/.cache/firebase/emulators/ui-v1.2.2/server.bundle.js"],"optionalArgs":[],"joinArgs":false} {"metadata":{"emulator":{"name":"ui"},"message":"Starting Emulator UI with command {\"binary\":\"node\",\"args\":[\"/home/calixto/.cache/firebase/emulators/ui-v1.2.2/server.bundle.js\"],\"optionalArgs\":[],\"joinArgs\":false}"}}
[info] i  ui: Emulator UI logging to ui-debug.log {"metadata":{"emulator":{"name":"ui"},"message":"Emulator UI logging to \u001b[1mui-debug.log\u001b[22m"}}
[debug] [2020-11-22T20:01:19.584Z] Web / API server started at http://localhost:4000
 {"metadata":{"emulator":{"name":"ui"},"message":"Web / API server started at http://localhost:4000\n"}}
[info] i  functions: Watching "/home/calixto/Documents/git/notifly/TCC/functions" for Cloud Functions... {"metadata":{"emulator":{"name":"functions"},"message":"Watching \"/home/calixto/Documents/git/notifly/TCC/functions\" for Cloud Functions..."}}
[debug] [2020-11-22T20:01:19.660Z] [worker-pool] addWorker(~diagnostic~) {"metadata":{"emulator":{"name":"functions"},"message":"[worker-pool] addWorker(~diagnostic~)"}}
[debug] [2020-11-22T20:01:19.660Z] [worker-pool] Adding worker with key ~diagnostic~, total=1 {"metadata":{"emulator":{"name":"functions"},"message":"[worker-pool] Adding worker with key ~diagnostic~, total=1"}}
[debug] [2020-11-22T20:01:19.661Z] [worker-pool] submitWork(triggerId=) {"metadata":{"emulator":{"name":"functions"},"message":"[worker-pool] submitWork(triggerId=)"}}
[debug] [2020-11-22T20:01:19.662Z] [worker-~diagnostic~-f55e0114-8b7a-4487-91c3-5172e079bb4b]: Assigning socketPath: /tmp/fire_emu_15458.sock {"metadata":{"emulator":{"name":"functions"},"message":"[worker-~diagnostic~-f55e0114-8b7a-4487-91c3-5172e079bb4b]: Assigning socketPath: /tmp/fire_emu_15458.sock"}}
[debug] [2020-11-22T20:01:19.663Z] [worker-~diagnostic~-f55e0114-8b7a-4487-91c3-5172e079bb4b]: BUSY {"metadata":{"emulator":{"name":"functions"},"message":"[worker-~diagnostic~-f55e0114-8b7a-4487-91c3-5172e079bb4b]: BUSY"}}
[debug] [2020-11-22T20:01:20.218Z] [runtime-status] [15458] Functions runtime initialized. {"cwd":"/home/calixto/Documents/git/notifly/TCC/functions","node_version":"14.6.0"} {"metadata":{"emulator":{"name":"functions"},"message":"[runtime-status] [15458] Functions runtime initialized. {\"cwd\":\"/home/calixto/Documents/git/notifly/TCC/functions\",\"node_version\":\"14.6.0\"}"}}
[debug] [2020-11-22T20:01:20.220Z] [runtime-status] [15458] Disabled runtime features: undefined {"metadata":{"emulator":{"name":"functions"},"message":"[runtime-status] [15458] Disabled runtime features: undefined"}}
[debug] [2020-11-22T20:01:20.223Z] [runtime-status] [15458] Resolved module firebase-admin {"declared":true,"installed":true,"version":"9.4.1","resolution":"/home/calixto/Documents/git/notifly/TCC/functions/node_modules/firebase-admin/lib/index.js"} {"metadata":{"emulator":{"name":"functions"},"message":"[runtime-status] [15458] Resolved module firebase-admin {\"declared\":true,\"installed\":true,\"version\":\"9.4.1\",\"resolution\":\"/home/calixto/Documents/git/notifly/TCC/functions/node_modules/firebase-admin/lib/index.js\"}"}}
[debug] [2020-11-22T20:01:20.226Z] [runtime-status] [15458] Resolved module firebase-functions {"declared":true,"installed":true,"version":"3.11.0","resolution":"/home/calixto/Documents/git/notifly/TCC/functions/node_modules/firebase-functions/lib/index.js"} {"metadata":{"emulator":{"name":"functions"},"message":"[runtime-status] [15458] Resolved module firebase-functions {\"declared\":true,\"installed\":true,\"version\":\"3.11.0\",\"resolution\":\"/home/calixto/Documents/git/notifly/TCC/functions/node_modules/firebase-functions/lib/index.js\"}"}}
[debug] [2020-11-22T20:01:20.228Z] [runtime-status] [15458] Resolved module firebase-functions {"declared":true,"installed":true,"version":"3.11.0","resolution":"/home/calixto/Documents/git/notifly/TCC/functions/node_modules/firebase-functions/lib/index.js"} {"metadata":{"emulator":{"name":"functions"},"message":"[runtime-status] [15458] Resolved module firebase-functions {\"declared\":true,\"installed\":true,\"version\":\"3.11.0\",\"resolution\":\"/home/calixto/Documents/git/notifly/TCC/functions/node_modules/firebase-functions/lib/index.js\"}"}}
[debug] [2020-11-22T20:01:20.233Z] [runtime-status] [15458] Outgoing network have been stubbed. [{"name":"http","status":"mocked"},{"name":"http","status":"mocked"},{"name":"https","status":"mocked"},{"name":"https","status":"mocked"},{"name":"net","status":"mocked"}] {"metadata":{"emulator":{"name":"functions"},"message":"[runtime-status] [15458] Outgoing network have been stubbed. [{\"name\":\"http\",\"status\":\"mocked\"},{\"name\":\"http\",\"status\":\"mocked\"},{\"name\":\"https\",\"status\":\"mocked\"},{\"name\":\"https\",\"status\":\"mocked\"},{\"name\":\"net\",\"status\":\"mocked\"}]"}}
[debug] [2020-11-22T20:01:20.234Z] [runtime-status] [15458] Resolved module firebase-functions {"declared":true,"installed":true,"version":"3.11.0","resolution":"/home/calixto/Documents/git/notifly/TCC/functions/node_modules/firebase-functions/lib/index.js"} {"metadata":{"emulator":{"name":"functions"},"message":"[runtime-status] [15458] Resolved module firebase-functions {\"declared\":true,\"installed\":true,\"version\":\"3.11.0\",\"resolution\":\"/home/calixto/Documents/git/notifly/TCC/functions/node_modules/firebase-functions/lib/index.js\"}"}}
[debug] [2020-11-22T20:01:20.300Z] [runtime-status] [15458] Checked functions.config() {"config":{}} {"metadata":{"emulator":{"name":"functions"},"message":"[runtime-status] [15458] Checked functions.config() {\"config\":{}}"}}
[debug] [2020-11-22T20:01:20.300Z] [runtime-status] [15458] firebase-functions has been stubbed. {"functionsResolution":{"declared":true,"installed":true,"version":"3.11.0","resolution":"/home/calixto/Documents/git/notifly/TCC/functions/node_modules/firebase-functions/lib/index.js"}} {"metadata":{"emulator":{"name":"functions"},"message":"[runtime-status] [15458] firebase-functions has been stubbed. {\"functionsResolution\":{\"declared\":true,\"installed\":true,\"version\":\"3.11.0\",\"resolution\":\"/home/calixto/Documents/git/notifly/TCC/functions/node_modules/firebase-functions/lib/index.js\"}}"}}
[debug] [2020-11-22T20:01:20.301Z] [runtime-status] [15458] Resolved module firebase-functions {"declared":true,"installed":true,"version":"3.11.0","resolution":"/home/calixto/Documents/git/notifly/TCC/functions/node_modules/firebase-functions/lib/index.js"} {"metadata":{"emulator":{"name":"functions"},"message":"[runtime-status] [15458] Resolved module firebase-functions {\"declared\":true,\"installed\":true,\"version\":\"3.11.0\",\"resolution\":\"/home/calixto/Documents/git/notifly/TCC/functions/node_modules/firebase-functions/lib/index.js\"}"}}
[debug] [2020-11-22T20:01:20.303Z] [runtime-status] [15458] Resolved module firebase-admin {"declared":true,"installed":true,"version":"9.4.1","resolution":"/home/calixto/Documents/git/notifly/TCC/functions/node_modules/firebase-admin/lib/index.js"} {"metadata":{"emulator":{"name":"functions"},"message":"[runtime-status] [15458] Resolved module firebase-admin {\"declared\":true,\"installed\":true,\"version\":\"9.4.1\",\"resolution\":\"/home/calixto/Documents/git/notifly/TCC/functions/node_modules/firebase-admin/lib/index.js\"}"}}
[debug] [2020-11-22T20:01:20.304Z] [runtime-status] [15458] Resolved module firebase-functions {"declared":true,"installed":true,"version":"3.11.0","resolution":"/home/calixto/Documents/git/notifly/TCC/functions/node_modules/firebase-functions/lib/index.js"} {"metadata":{"emulator":{"name":"functions"},"message":"[runtime-status] [15458] Resolved module firebase-functions {\"declared\":true,\"installed\":true,\"version\":\"3.11.0\",\"resolution\":\"/home/calixto/Documents/git/notifly/TCC/functions/node_modules/firebase-functions/lib/index.js\"}"}}
[debug] [2020-11-22T20:01:20.304Z] [runtime-status] [15458] firebase-admin has been stubbed. {"adminResolution":{"declared":true,"installed":true,"version":"9.4.1","resolution":"/home/calixto/Documents/git/notifly/TCC/functions/node_modules/firebase-admin/lib/index.js"}} {"metadata":{"emulator":{"name":"functions"},"message":"[runtime-status] [15458] firebase-admin has been stubbed. {\"adminResolution\":{\"declared\":true,\"installed\":true,\"version\":\"9.4.1\",\"resolution\":\"/home/calixto/Documents/git/notifly/TCC/functions/node_modules/firebase-admin/lib/index.js\"}}"}}
[info] ✔  functions[helloWorld]: http function initialized (http://localhost:5001/notifly-ade3f/us-central1/helloWorld). {"metadata":{"emulator":{"name":"functions"},"message":"\u001b[1mhttp\u001b[22m function initialized (http://localhost:5001/notifly-ade3f/us-central1/helloWorld)."}}
[info] ✔  functions[sendMessage]: http function initialized (http://localhost:5001/notifly-ade3f/us-central1/sendMessage). {"metadata":{"emulator":{"name":"functions"},"message":"\u001b[1mhttp\u001b[22m function initialized (http://localhost:5001/notifly-ade3f/us-central1/sendMessage)."}}
[info] 
┌────────────────────────────────────────────────────────────────┐
│ ✔  All emulators ready! View status and logs at localhost:4000 │
└────────────────────────────────────────────────────────────────┘

┌───────────┬────────────────┬──────────────────────────┐
│ Emulator  │ Host:Port      │ View in Emulator UI      │
├───────────┼────────────────┼──────────────────────────┤
│ Functions │ localhost:5001 │ localhost:4000/functions │
└───────────┴────────────────┴──────────────────────────┘
  Other reserved ports: 4400, 4500

Issues? Report them at https://github.com/firebase/firebase-tools/issues and attach the *-debug.log files.
 
[debug] [2020-11-22T20:01:20.317Z] [worker-~diagnostic~-f55e0114-8b7a-4487-91c3-5172e079bb4b]: IDLE {"metadata":{"emulator":{"name":"functions"},"message":"[worker-~diagnostic~-f55e0114-8b7a-4487-91c3-5172e079bb4b]: IDLE"}}
[debug] [2020-11-22T20:01:22.016Z] [work-queue] {"queueLength":1,"workRunningCount":0}
[debug] [2020-11-22T20:01:22.018Z] [work-queue] {"queueLength":0,"workRunningCount":1}
[debug] [2020-11-22T20:01:22.019Z] Accepted request POST /notifly-ade3f/us-central1/sendMessage --> sendMessage
[debug] [2020-11-22T20:01:22.027Z] [worker-pool] addWorker(sendMessage) {"metadata":{"emulator":{"name":"functions"},"message":"[worker-pool] addWorker(sendMessage)"}}
[debug] [2020-11-22T20:01:22.028Z] [worker-pool] Adding worker with key sendMessage, total=1 {"metadata":{"emulator":{"name":"functions"},"message":"[worker-pool] Adding worker with key sendMessage, total=1"}}
[debug] [2020-11-22T20:01:22.028Z] [worker-pool] submitWork(triggerId=sendMessage) {"metadata":{"emulator":{"name":"functions"},"message":"[worker-pool] submitWork(triggerId=sendMessage)"}}
[debug] [2020-11-22T20:01:22.029Z] [worker-sendMessage-14afb1fd-ce50-47d2-9b5d-c8ddbe7bc91a]: Assigning socketPath: /tmp/fire_emu_15466.sock {"metadata":{"emulator":{"name":"functions"},"message":"[worker-sendMessage-14afb1fd-ce50-47d2-9b5d-c8ddbe7bc91a]: Assigning socketPath: /tmp/fire_emu_15466.sock"}}
[debug] [2020-11-22T20:01:22.029Z] [worker-sendMessage-14afb1fd-ce50-47d2-9b5d-c8ddbe7bc91a]: BUSY {"metadata":{"emulator":{"name":"functions"},"message":"[worker-sendMessage-14afb1fd-ce50-47d2-9b5d-c8ddbe7bc91a]: BUSY"}}
[debug] [2020-11-22T20:01:22.490Z] [runtime-status] [15466] Functions runtime initialized. {"cwd":"/home/calixto/Documents/git/notifly/TCC/functions","node_version":"14.6.0"} {"metadata":{"emulator":{"name":"functions"},"function":{"name":"sendMessage"},"message":"[runtime-status] [15466] Functions runtime initialized. {\"cwd\":\"/home/calixto/Documents/git/notifly/TCC/functions\",\"node_version\":\"14.6.0\"}"}}
[debug] [2020-11-22T20:01:22.494Z] [runtime-status] [15466] Disabled runtime features: undefined {"metadata":{"emulator":{"name":"functions"},"function":{"name":"sendMessage"},"message":"[runtime-status] [15466] Disabled runtime features: undefined"}}
[debug] [2020-11-22T20:01:22.499Z] [runtime-status] [15466] Resolved module firebase-admin {"declared":true,"installed":true,"version":"9.4.1","resolution":"/home/calixto/Documents/git/notifly/TCC/functions/node_modules/firebase-admin/lib/index.js"} {"metadata":{"emulator":{"name":"functions"},"function":{"name":"sendMessage"},"message":"[runtime-status] [15466] Resolved module firebase-admin {\"declared\":true,\"installed\":true,\"version\":\"9.4.1\",\"resolution\":\"/home/calixto/Documents/git/notifly/TCC/functions/node_modules/firebase-admin/lib/index.js\"}"}}
[debug] [2020-11-22T20:01:22.502Z] [runtime-status] [15466] Resolved module firebase-functions {"declared":true,"installed":true,"version":"3.11.0","resolution":"/home/calixto/Documents/git/notifly/TCC/functions/node_modules/firebase-functions/lib/index.js"} {"metadata":{"emulator":{"name":"functions"},"function":{"name":"sendMessage"},"message":"[runtime-status] [15466] Resolved module firebase-functions {\"declared\":true,\"installed\":true,\"version\":\"3.11.0\",\"resolution\":\"/home/calixto/Documents/git/notifly/TCC/functions/node_modules/firebase-functions/lib/index.js\"}"}}
[debug] [2020-11-22T20:01:22.504Z] [runtime-status] [15466] Resolved module firebase-functions {"declared":true,"installed":true,"version":"3.11.0","resolution":"/home/calixto/Documents/git/notifly/TCC/functions/node_modules/firebase-functions/lib/index.js"} {"metadata":{"emulator":{"name":"functions"},"function":{"name":"sendMessage"},"message":"[runtime-status] [15466] Resolved module firebase-functions {\"declared\":true,\"installed\":true,\"version\":\"3.11.0\",\"resolution\":\"/home/calixto/Documents/git/notifly/TCC/functions/node_modules/firebase-functions/lib/index.js\"}"}}
[debug] [2020-11-22T20:01:22.509Z] [runtime-status] [15466] Outgoing network have been stubbed. [{"name":"http","status":"mocked"},{"name":"http","status":"mocked"},{"name":"https","status":"mocked"},{"name":"https","status":"mocked"},{"name":"net","status":"mocked"}] {"metadata":{"emulator":{"name":"functions"},"function":{"name":"sendMessage"},"message":"[runtime-status] [15466] Outgoing network have been stubbed. [{\"name\":\"http\",\"status\":\"mocked\"},{\"name\":\"http\",\"status\":\"mocked\"},{\"name\":\"https\",\"status\":\"mocked\"},{\"name\":\"https\",\"status\":\"mocked\"},{\"name\":\"net\",\"status\":\"mocked\"}]"}}
[debug] [2020-11-22T20:01:22.510Z] [runtime-status] [15466] Resolved module firebase-functions {"declared":true,"installed":true,"version":"3.11.0","resolution":"/home/calixto/Documents/git/notifly/TCC/functions/node_modules/firebase-functions/lib/index.js"} {"metadata":{"emulator":{"name":"functions"},"function":{"name":"sendMessage"},"message":"[runtime-status] [15466] Resolved module firebase-functions {\"declared\":true,\"installed\":true,\"version\":\"3.11.0\",\"resolution\":\"/home/calixto/Documents/git/notifly/TCC/functions/node_modules/firebase-functions/lib/index.js\"}"}}
[debug] [2020-11-22T20:01:22.571Z] [runtime-status] [15466] Checked functions.config() {"config":{}} {"metadata":{"emulator":{"name":"functions"},"function":{"name":"sendMessage"},"message":"[runtime-status] [15466] Checked functions.config() {\"config\":{}}"}}
[debug] [2020-11-22T20:01:22.573Z] [runtime-status] [15466] firebase-functions has been stubbed. {"functionsResolution":{"declared":true,"installed":true,"version":"3.11.0","resolution":"/home/calixto/Documents/git/notifly/TCC/functions/node_modules/firebase-functions/lib/index.js"}} {"metadata":{"emulator":{"name":"functions"},"function":{"name":"sendMessage"},"message":"[runtime-status] [15466] firebase-functions has been stubbed. {\"functionsResolution\":{\"declared\":true,\"installed\":true,\"version\":\"3.11.0\",\"resolution\":\"/home/calixto/Documents/git/notifly/TCC/functions/node_modules/firebase-functions/lib/index.js\"}}"}}
[debug] [2020-11-22T20:01:22.574Z] [runtime-status] [15466] Resolved module firebase-functions {"declared":true,"installed":true,"version":"3.11.0","resolution":"/home/calixto/Documents/git/notifly/TCC/functions/node_modules/firebase-functions/lib/index.js"} {"metadata":{"emulator":{"name":"functions"},"function":{"name":"sendMessage"},"message":"[runtime-status] [15466] Resolved module firebase-functions {\"declared\":true,\"installed\":true,\"version\":\"3.11.0\",\"resolution\":\"/home/calixto/Documents/git/notifly/TCC/functions/node_modules/firebase-functions/lib/index.js\"}"}}
[debug] [2020-11-22T20:01:22.575Z] [runtime-status] [15466] Resolved module firebase-admin {"declared":true,"installed":true,"version":"9.4.1","resolution":"/home/calixto/Documents/git/notifly/TCC/functions/node_modules/firebase-admin/lib/index.js"} {"metadata":{"emulator":{"name":"functions"},"function":{"name":"sendMessage"},"message":"[runtime-status] [15466] Resolved module firebase-admin {\"declared\":true,\"installed\":true,\"version\":\"9.4.1\",\"resolution\":\"/home/calixto/Documents/git/notifly/TCC/functions/node_modules/firebase-admin/lib/index.js\"}"}}
[debug] [2020-11-22T20:01:22.576Z] [runtime-status] [15466] Resolved module firebase-functions {"declared":true,"installed":true,"version":"3.11.0","resolution":"/home/calixto/Documents/git/notifly/TCC/functions/node_modules/firebase-functions/lib/index.js"} {"metadata":{"emulator":{"name":"functions"},"function":{"name":"sendMessage"},"message":"[runtime-status] [15466] Resolved module firebase-functions {\"declared\":true,\"installed\":true,\"version\":\"3.11.0\",\"resolution\":\"/home/calixto/Documents/git/notifly/TCC/functions/node_modules/firebase-functions/lib/index.js\"}"}}
[debug] [2020-11-22T20:01:22.577Z] [runtime-status] [15466] firebase-admin has been stubbed. {"adminResolution":{"declared":true,"installed":true,"version":"9.4.1","resolution":"/home/calixto/Documents/git/notifly/TCC/functions/node_modules/firebase-admin/lib/index.js"}} {"metadata":{"emulator":{"name":"functions"},"function":{"name":"sendMessage"},"message":"[runtime-status] [15466] firebase-admin has been stubbed. {\"adminResolution\":{\"declared\":true,\"installed\":true,\"version\":\"9.4.1\",\"resolution\":\"/home/calixto/Documents/git/notifly/TCC/functions/node_modules/firebase-admin/lib/index.js\"}}"}}
[debug] [2020-11-22T20:01:22.582Z] [runtime-status] [15466] Trigger "sendMessage" has been found, beginning invocation! {"metadata":{"emulator":{"name":"functions"},"function":{"name":"sendMessage"},"message":"[runtime-status] [15466] Trigger \"sendMessage\" has been found, beginning invocation!"}}
[info] i  functions: Beginning execution of "sendMessage" {"metadata":{"emulator":{"name":"functions"},"function":{"name":"sendMessage"},"message":"Beginning execution of \"sendMessage\""}}
[debug] [2020-11-22T20:01:22.584Z] [runtime-status] [15466] triggerDefinition {"httpsTrigger":{},"name":"sendMessage","entryPoint":"sendMessage"} {"metadata":{"emulator":{"name":"functions"},"function":{"name":"sendMessage"},"message":"[runtime-status] [15466] triggerDefinition {\"httpsTrigger\":{},\"name\":\"sendMessage\",\"entryPoint\":\"sendMessage\"}"}}
[debug] [2020-11-22T20:01:22.585Z] [runtime-status] [15466] Running sendMessage in mode HTTPS {"metadata":{"emulator":{"name":"functions"},"function":{"name":"sendMessage"},"message":"[runtime-status] [15466] Running sendMessage in mode HTTPS"}}
[debug] [2020-11-22T20:01:22.593Z] [runtime-status] [15466] Attempting to listen to socketPath: /tmp/fire_emu_15466.sock {"metadata":{"emulator":{"name":"functions"},"function":{"name":"sendMessage"},"message":"[runtime-status] [15466] Attempting to listen to socketPath: /tmp/fire_emu_15466.sock"}}
[debug] [2020-11-22T20:01:22.611Z] [functions] Runtime ready! Sending request! {"metadata":{"emulator":{"name":"functions"},"message":"[functions] Runtime ready! Sending request!"}}
[debug] [2020-11-22T20:01:22.644Z] [runtime-status] [15466] Ephemeral server handling POST request {"metadata":{"emulator":{"name":"functions"},"function":{"name":"sendMessage"},"message":"[runtime-status] [15466] Ephemeral server handling POST request"}}
[debug] [2020-11-22T20:01:22.646Z] [runtime-status] [15466] Ephemeral server survived. {"metadata":{"emulator":{"name":"functions"},"function":{"name":"sendMessage"},"message":"[runtime-status] [15466] Ephemeral server survived."}}
[warn] ⚠  functions: TypeError: functions.firestore.collection is not a function
    at /home/calixto/Documents/git/notifly/TCC/functions/index.js:16:8
    at /usr/lib/node_modules/firebase-tools/lib/emulator/functionsEmulatorRuntime.js:619:20
    at /usr/lib/node_modules/firebase-tools/lib/emulator/functionsEmulatorRuntime.js:594:19
    at Generator.next (<anonymous>)
    at /usr/lib/node_modules/firebase-tools/lib/emulator/functionsEmulatorRuntime.js:8:71
    at new Promise (<anonymous>)
    at __awaiter (/usr/lib/node_modules/firebase-tools/lib/emulator/functionsEmulatorRuntime.js:4:12)
    at runFunction (/usr/lib/node_modules/firebase-tools/lib/emulator/functionsEmulatorRuntime.js:591:12)
    at /usr/lib/node_modules/firebase-tools/lib/emulator/functionsEmulatorRuntime.js:618:15
    at Generator.next (<anonymous>) {"metadata":{"emulator":{"name":"functions"},"function":{"name":"sendMessage"},"message":"TypeError: functions.firestore.collection is not a function\n    at /home/calixto/Documents/git/notifly/TCC/functions/index.js:16:8\n    at /usr/lib/node_modules/firebase-tools/lib/emulator/functionsEmulatorRuntime.js:619:20\n    at /usr/lib/node_modules/firebase-tools/lib/emulator/functionsEmulatorRuntime.js:594:19\n    at Generator.next (<anonymous>)\n    at /usr/lib/node_modules/firebase-tools/lib/emulator/functionsEmulatorRuntime.js:8:71\n    at new Promise (<anonymous>)\n    at __awaiter (/usr/lib/node_modules/firebase-tools/lib/emulator/functionsEmulatorRuntime.js:4:12)\n    at runFunction (/usr/lib/node_modules/firebase-tools/lib/emulator/functionsEmulatorRuntime.js:591:12)\n    at /usr/lib/node_modules/firebase-tools/lib/emulator/functionsEmulatorRuntime.js:618:15\n    at Generator.next (<anonymous>)"}}
[warn] ⚠  Your function was killed because it raised an unhandled error. {"metadata":{"emulator":{"name":"functions"},"function":{"name":"sendMessage"},"message":"Your function was killed because it raised an unhandled error."}}
[debug] [2020-11-22T20:01:22.665Z] [worker-sendMessage-14afb1fd-ce50-47d2-9b5d-c8ddbe7bc91a]: exited {"metadata":{"emulator":{"name":"functions"},"message":"[worker-sendMessage-14afb1fd-ce50-47d2-9b5d-c8ddbe7bc91a]: exited"}}
[debug] [2020-11-22T20:01:22.666Z] [worker-sendMessage-14afb1fd-ce50-47d2-9b5d-c8ddbe7bc91a]: FINISHED {"metadata":{"emulator":{"name":"functions"},"message":"[worker-sendMessage-14afb1fd-ce50-47d2-9b5d-c8ddbe7bc91a]: FINISHED"}}
[debug] [2020-11-22T20:01:22.667Z] [work-queue] {"queueLength":0,"workRunningCount":0}
